<?xml version="1.0" encoding="UTF-8"?>
<!-- Generated by org.testng.reporters.JUnitReportReporter -->
<testsuite hostname="Emans-MacBook-Pro.local" failures="0" tests="10" name="firstautomationprojectPSUT.MyTestCaese" time="23.615" errors="0" timestamp="2023-11-28T00:18:01 AST" skipped="0">
  <testcase classname="firstautomationprojectPSUT.MyTestCaese" name="myFirstTest" time="2.281"/>
  <system-out/>
  <testcase classname="firstautomationprojectPSUT.MyTestCaese" name="myFirstTest" time="2.365"/>
  <system-out/>
  <testcase classname="firstautomationprojectPSUT.MyTestCaese" name="myFirstTest" time="2.464"/>
  <system-out/>
  <testcase classname="firstautomationprojectPSUT.MyTestCaese" name="myFirstTest" time="2.300"/>
  <system-out/>
  <testcase classname="firstautomationprojectPSUT.MyTestCaese" name="myFirstTest" time="2.381"/>
  <system-out/>
  <testcase classname="firstautomationprojectPSUT.MyTestCaese" name="myFirstTest" time="2.284"/>
  <system-out/>
  <testcase classname="firstautomationprojectPSUT.MyTestCaese" name="myFirstTest" time="2.375"/>
  <system-out/>
  <testcase classname="firstautomationprojectPSUT.MyTestCaese" name="myFirstTest" time="2.430"/>
  <system-out/>
  <testcase classname="firstautomationprojectPSUT.MyTestCaese" name="myFirstTest" time="2.423"/>
  <system-out/>
  <testcase classname="firstautomationprojectPSUT.MyTestCaese" name="myFirstTest" time="2.312"/>
  <system-out/>
</testsuite> <!-- firstautomationprojectPSUT.MyTestCaese -->
